<?xml version="1.0" encoding="UTF-8"?>
<!-- Generated by org.testng.reporters.JUnitXMLReporter -->
<testsuite ignored="0" hostname="IBM-8CW22F3" failures="0" tests="10" name="Default test" time="18.272" errors="0" timestamp="2022-05-24T16:52:25 IST">
  <testcase classname="restTests.restAssuredAssignment" name="createUser" time="3.461"/>
  <testcase classname="restTests.restAssuredAssignment" name="createUserWithJsonFile" time="1.534"/>
  <testcase classname="restTests.restAssuredAssignment" name="getUser" time="1.66"/>
  <testcase classname="restTests.restAssuredAssignment" name="modifyUser" time="1.738"/>
  <testcase classname="restTests.restAssuredAssignment" name="modifyUserWithJsonFile" time="1.6"/>
  <testcase classname="restTests.restAssuredAssignment" name="deleteUser" time="1.776"/>
  <testcase classname="restTests.restAssuredAssignment" name="getNonExistingUser" time="1.532"/>
  <testcase classname="restTests.restAssuredAssignment" name="modifyUserWrongRequest" time="1.614"/>
  <testcase classname="restTests.restAssuredAssignment" name="createUserWrongRequest" time="1.662"/>
  <testcase classname="restTests.restAssuredAssignment" name="deleteUserWrongRequest" time="1.635"/>
</testsuite> <!-- Default test -->
