<?xml version="1.0" encoding="UTF-8"?>
<testng-results ignored="0" total="10" passed="10" failed="0" skipped="0">
  <reporter-output>
  </reporter-output>
  <suite started-at="2022-05-24T16:52:07 IST" name="Default suite" finished-at="2022-05-24T16:52:25 IST" duration-ms="18272">
    <groups>
    </groups>
    <test started-at="2022-05-24T16:52:07 IST" name="Default test" finished-at="2022-05-24T16:52:25 IST" duration-ms="18272">
      <class name="restTests.restAssuredAssignment">
        <test-method signature="createUser()[pri:1, instance:restTests.restAssuredAssignment@c333c60]" started-at="2022-05-24T16:52:07 IST" name="createUser" finished-at="2022-05-24T16:52:10 IST" duration-ms="3461" status="PASS">
          <reporter-output>
          </reporter-output>
        </test-method> <!-- createUser -->
        <test-method signature="createUserWithJsonFile()[pri:2, instance:restTests.restAssuredAssignment@c333c60]" started-at="2022-05-24T16:52:10 IST" name="createUserWithJsonFile" finished-at="2022-05-24T16:52:12 IST" duration-ms="1534" status="PASS">
          <reporter-output>
          </reporter-output>
        </test-method> <!-- createUserWithJsonFile -->
        <test-method signature="getUser()[pri:3, instance:restTests.restAssuredAssignment@c333c60]" started-at="2022-05-24T16:52:12 IST" name="getUser" finished-at="2022-05-24T16:52:14 IST" duration-ms="1660" status="PASS">
          <reporter-output>
          </reporter-output>
        </test-method> <!-- getUser -->
        <test-method signature="modifyUser()[pri:4, instance:restTests.restAssuredAssignment@c333c60]" started-at="2022-05-24T16:52:14 IST" name="modifyUser" finished-at="2022-05-24T16:52:15 IST" duration-ms="1738" status="PASS">
          <reporter-output>
          </reporter-output>
        </test-method> <!-- modifyUser -->
        <test-method signature="modifyUserWithJsonFile()[pri:5, instance:restTests.restAssuredAssignment@c333c60]" started-at="2022-05-24T16:52:15 IST" name="modifyUserWithJsonFile" finished-at="2022-05-24T16:52:17 IST" duration-ms="1600" status="PASS">
          <reporter-output>
          </reporter-output>
        </test-method> <!-- modifyUserWithJsonFile -->
        <test-method signature="deleteUser()[pri:6, instance:restTests.restAssuredAssignment@c333c60]" started-at="2022-05-24T16:52:17 IST" name="deleteUser" finished-at="2022-05-24T16:52:19 IST" duration-ms="1776" status="PASS">
          <reporter-output>
          </reporter-output>
        </test-method> <!-- deleteUser -->
        <test-method signature="getNonExistingUser()[pri:7, instance:restTests.restAssuredAssignment@c333c60]" started-at="2022-05-24T16:52:19 IST" name="getNonExistingUser" finished-at="2022-05-24T16:52:20 IST" duration-ms="1532" status="PASS">
          <reporter-output>
          </reporter-output>
        </test-method> <!-- getNonExistingUser -->
        <test-method signature="modifyUserWrongRequest()[pri:8, instance:restTests.restAssuredAssignment@c333c60]" started-at="2022-05-24T16:52:20 IST" name="modifyUserWrongRequest" finished-at="2022-05-24T16:52:22 IST" duration-ms="1614" status="PASS">
          <reporter-output>
          </reporter-output>
        </test-method> <!-- modifyUserWrongRequest -->
        <test-method signature="createUserWrongRequest()[pri:9, instance:restTests.restAssuredAssignment@c333c60]" started-at="2022-05-24T16:52:22 IST" name="createUserWrongRequest" finished-at="2022-05-24T16:52:23 IST" duration-ms="1662" status="PASS">
          <reporter-output>
          </reporter-output>
        </test-method> <!-- createUserWrongRequest -->
        <test-method signature="deleteUserWrongRequest()[pri:10, instance:restTests.restAssuredAssignment@c333c60]" started-at="2022-05-24T16:52:23 IST" name="deleteUserWrongRequest" finished-at="2022-05-24T16:52:25 IST" duration-ms="1635" status="PASS">
          <reporter-output>
          </reporter-output>
        </test-method> <!-- deleteUserWrongRequest -->
      </class> <!-- restTests.restAssuredAssignment -->
    </test> <!-- Default test -->
  </suite> <!-- Default suite -->
</testng-results>
